<?xml version="1.0" encoding="UTF-8"?>
<!-- Generated by org.testng.reporters.JUnitReportReporter -->
<testsuite hostname="Praful" failures="0" tests="2" name="com.TestLayer.HomePageTest" time="6.047" errors="0" timestamp="2021-03-21T11:47:28 IST" skipped="0">
  <testcase classname="com.TestLayer.HomePageTest" name="ValidateUrl" time="3.026"/>
  <system-out/>
  <testcase classname="com.TestLayer.HomePageTest" name="ValidateTilt" time="3.021"/>
  <system-out/>
</testsuite> <!-- com.TestLayer.HomePageTest -->
